# JRE version: OpenJDK Runtime Environment (8.0_242-b01) (build 1.8.0_242-release-1644-b01)
# Java VM: OpenJDK 64-Bit Server VM (25.242-b01 mixed mode windows-amd64 compressed oops)
Heap:
 PSYoungGen      total 296960K, used 128623K [0x00000000d5580000, 0x00000000ea280000, 0x0000000100000000)
  eden space 257536K, 48% used [0x00000000d5580000,0x00000000dd00bd10,0x00000000e5100000)
  from space 39424K, 7% used [0x00000000e7800000,0x00000000e7b10000,0x00000000e9e80000)
  to   space 39936K, 0% used [0x00000000e5100000,0x00000000e5100000,0x00000000e7800000)
 ParOldGen       total 202240K, used 85136K [0x0000000080000000, 0x000000008c580000, 0x00000000d5580000)
  object space 202240K, 42% used [0x0000000080000000,0x00000000853241b0,0x000000008c580000)
 Metaspace       used 111654K, capacity 117740K, committed 118040K, reserved 1150976K
  class space    used 14295K, capacity 15414K, committed 15664K, reserved 1048576K
GC Heap History (10 events):
Event: 4891.056 GC heap before
{Heap before GC invocations=32 (full 4):
 PSYoungGen      total 297472K, used 282622K [0x00000000d5580000, 0x00000000ea280000, 0x0000000100000000)
  eden space 257536K, 100% used [0x00000000d5580000,0x00000000e5100000,0x00000000e5100000)
  from space 39936K, 62% used [0x00000000e5100000,0x00000000e697fa48,0x00000000e7800000)
  to   space 39424K, 0% used [0x00000000e7800000,0x00000000e7800000,0x00000000e9e80000)
 ParOldGen       total 202240K, used 60732K [0x0000000080000000, 0x000000008c580000, 0x00000000d5580000)
  object space 202240K, 30% used [0x0000000080000000,0x0000000083b4f348,0x000000008c580000)
 Metaspace       used 111082K, capacity 117142K, committed 117400K, reserved 1150976K
  class space    used 14272K, capacity 15373K, committed 15536K, reserved 1048576K
Event: 4891.078 GC heap after
Heap after GC invocations=32 (full 4):
 PSYoungGen      total 296960K, used 11721K [0x00000000d5580000, 0x00000000ea280000, 0x0000000100000000)
  eden space 257536K, 0% used [0x00000000d5580000,0x00000000d5580000,0x00000000e5100000)
  from space 39424K, 29% used [0x00000000e7800000,0x00000000e83724e8,0x00000000e9e80000)
  to   space 39936K, 0% used [0x00000000e5100000,0x00000000e5100000,0x00000000e7800000)
 ParOldGen       total 202240K, used 72087K [0x0000000080000000, 0x000000008c580000, 0x00000000d5580000)
  object space 202240K, 35% used [0x0000000080000000,0x0000000084665fb0,0x000000008c580000)
 Metaspace       used 111082K, capacity 117142K, committed 117400K, reserved 1150976K
  class space    used 14272K, capacity 15373K, committed 15536K, reserved 1048576K
}
Event: 4891.582 GC heap before
{Heap before GC invocations=33 (full 4):
 PSYoungGen      total 296960K, used 269257K [0x00000000d5580000, 0x00000000ea280000, 0x0000000100000000)
  eden space 257536K, 100% used [0x00000000d5580000,0x00000000e5100000,0x00000000e5100000)
  from space 39424K, 29% used [0x00000000e7800000,0x00000000e83724e8,0x00000000e9e80000)
  to   space 39936K, 0% used [0x00000000e5100000,0x00000000e5100000,0x00000000e7800000)
 ParOldGen       total 202240K, used 72087K [0x0000000080000000, 0x000000008c580000, 0x00000000d5580000)
  object space 202240K, 35% used [0x0000000080000000,0x0000000084665fb0,0x000000008c580000)
 Metaspace       used 111332K, capacity 117414K, committed 117656K, reserved 1150976K
  class space    used 14279K, capacity 15379K, committed 15536K, reserved 1048576K
Event: 4891.593 GC heap after
Heap after GC invocations=33 (full 4):
 PSYoungGen      total 297472K, used 8444K [0x00000000d5580000, 0x00000000ea280000, 0x0000000100000000)
  eden space 257536K, 0% used [0x00000000d5580000,0x00000000d5580000,0x00000000e5100000)
  from space 39936K, 21% used [0x00000000e5100000,0x00000000e593f160,0x00000000e7800000)
  to   space 39424K, 0% used [0x00000000e7800000,0x00000000e7800000,0x00000000e9e80000)
 ParOldGen       total 202240K, used 75855K [0x0000000080000000, 0x000000008c580000, 0x00000000d5580000)
  object space 202240K, 37% used [0x0000000080000000,0x0000000084a13f88,0x000000008c580000)
 Metaspace       used 111332K, capacity 117414K, committed 117656K, reserved 1150976K
  class space    used 14279K, capacity 15379K, committed 15536K, reserved 1048576K
}
Event: 4891.965 GC heap before
{Heap before GC invocations=34 (full 4):
 PSYoungGen      total 297472K, used 265980K [0x00000000d5580000, 0x00000000ea280000, 0x0000000100000000)
  eden space 257536K, 100% used [0x00000000d5580000,0x00000000e5100000,0x00000000e5100000)
  from space 39936K, 21% used [0x00000000e5100000,0x00000000e593f160,0x00000000e7800000)
  to   space 39424K, 0% used [0x00000000e7800000,0x00000000e7800000,0x00000000e9e80000)
 ParOldGen       total 202240K, used 75855K [0x0000000080000000, 0x000000008c580000, 0x00000000d5580000)
  object space 202240K, 37% used [0x0000000080000000,0x0000000084a13f88,0x000000008c580000)
 Metaspace       used 111374K, capacity 117442K, committed 117656K, reserved 1150976K
  class space    used 14280K, capacity 15381K, committed 15536K, reserved 1048576K
Event: 4891.976 GC heap after
Heap after GC invocations=34 (full 4):
 PSYoungGen      total 296960K, used 4416K [0x00000000d5580000, 0x00000000ea280000, 0x0000000100000000)
  eden space 257536K, 0% used [0x00000000d5580000,0x00000000d5580000,0x00000000e5100000)
  from space 39424K, 11% used [0x00000000e7800000,0x00000000e7c50000,0x00000000e9e80000)
  to   space 39936K, 0% used [0x00000000e5100000,0x00000000e5100000,0x00000000e7800000)
 ParOldGen       total 202240K, used 80287K [0x0000000080000000, 0x000000008c580000, 0x00000000d5580000)
  object space 202240K, 39% used [0x0000000080000000,0x0000000084e67c08,0x000000008c580000)
 Metaspace       used 111374K, capacity 117442K, committed 117656K, reserved 1150976K
  class space    used 14280K, capacity 15381K, committed 15536K, reserved 1048576K
}
Event: 4892.349 GC heap before
{Heap before GC invocations=35 (full 4):
 PSYoungGen      total 296960K, used 261952K [0x00000000d5580000, 0x00000000ea280000, 0x0000000100000000)
  eden space 257536K, 100% used [0x00000000d5580000,0x00000000e5100000,0x00000000e5100000)
  from space 39424K, 11% used [0x00000000e7800000,0x00000000e7c50000,0x00000000e9e80000)
  to   space 39936K, 0% used [0x00000000e5100000,0x00000000e5100000,0x00000000e7800000)
 ParOldGen       total 202240K, used 80287K [0x0000000080000000, 0x000000008c580000, 0x00000000d5580000)
  object space 202240K, 39% used [0x0000000080000000,0x0000000084e67c08,0x000000008c580000)
 Metaspace       used 111482K, capacity 117570K, committed 117912K, reserved 1150976K
  class space    used 14280K, capacity 15381K, committed 15536K, reserved 1048576K
Event: 4892.357 GC heap after
Heap after GC invocations=35 (full 4):
 PSYoungGen      total 297472K, used 1888K [0x00000000d5580000, 0x00000000ea280000, 0x0000000100000000)
  eden space 257536K, 0% used [0x00000000d5580000,0x00000000d5580000,0x00000000e5100000)
  from space 39936K, 4% used [0x00000000e5100000,0x00000000e52d8010,0x00000000e7800000)
  to   space 39424K, 0% used [0x00000000e7800000,0x00000000e7800000,0x00000000e9e80000)
 ParOldGen       total 202240K, used 83331K [0x0000000080000000, 0x000000008c580000, 0x00000000d5580000)
  object space 202240K, 41% used [0x0000000080000000,0x0000000085160e48,0x000000008c580000)
 Metaspace       used 111482K, capacity 117570K, committed 117912K, reserved 1150976K
  class space    used 14280K, capacity 15381K, committed 15536K, reserved 1048576K
}
Event: 4892.873 GC heap before
{Heap before GC invocations=36 (full 4):
 PSYoungGen      total 297472K, used 259424K [0x00000000d5580000, 0x00000000ea280000, 0x0000000100000000)
  eden space 257536K, 100% used [0x00000000d5580000,0x00000000e5100000,0x00000000e5100000)
  from space 39936K, 4% used [0x00000000e5100000,0x00000000e52d8010,0x00000000e7800000)
  to   space 39424K, 0% used [0x00000000e7800000,0x00000000e7800000,0x00000000e9e80000)
 ParOldGen       total 202240K, used 83331K [0x0000000080000000, 0x000000008c580000, 0x00000000d5580000)
  object space 202240K, 41% used [0x0000000080000000,0x0000000085160e48,0x000000008c580000)
 Metaspace       used 111504K, capacity 117574K, committed 117912K, reserved 1150976K
  class space    used 14280K, capacity 15381K, committed 15536K, reserved 1048576K
Event: 4892.883 GC heap after
Heap after GC invocations=36 (full 4):
 PSYoungGen      total 296960K, used 3136K [0x00000000d5580000, 0x00000000ea280000, 0x0000000100000000)
  eden space 257536K, 0% used [0x00000000d5580000,0x00000000d5580000,0x00000000e5100000)
  from space 39424K, 7% used [0x00000000e7800000,0x00000000e7b10000,0x00000000e9e80000)
  to   space 39936K, 0% used [0x00000000e5100000,0x00000000e5100000,0x00000000e7800000)
 ParOldGen       total 202240K, used 85136K [0x0000000080000000, 0x000000008c580000, 0x00000000d5580000)
  object space 202240K, 42% used [0x0000000080000000,0x00000000853241b0,0x000000008c580000)
 Metaspace       used 111504K, capacity 117574K, committed 117912K, reserved 1150976K
  class space    used 14280K, capacity 15381K, committed 15536K, reserved 1048576K
}

